[26-Mar-2018 12:18:11] NOTICE: fpm is running, pid 14
[26-Mar-2018 12:18:11] NOTICE: ready to handle connections
[26-Mar-2018 12:34:51] WARNING: [pool www] server reached pm.max_children setting (5), consider raising it
[26-Mar-2018 13:44:47] NOTICE: Terminating ...
[26-Mar-2018 13:44:47] NOTICE: exiting, bye-bye!
[08-Apr-2018 03:01:56] NOTICE: fpm is running, pid 8
[08-Apr-2018 03:01:56] NOTICE: ready to handle connections
[08-Apr-2018 09:50:13] NOTICE: Terminating ...
[08-Apr-2018 09:50:13] NOTICE: exiting, bye-bye!
[09-Apr-2018 11:03:32] NOTICE: fpm is running, pid 25
[09-Apr-2018 11:03:32] NOTICE: ready to handle connections
[09-Apr-2018 12:04:59] NOTICE: Terminating ...
[09-Apr-2018 12:04:59] NOTICE: exiting, bye-bye!
[09-Apr-2018 12:15:29] NOTICE: fpm is running, pid 8
[09-Apr-2018 12:15:29] NOTICE: ready to handle connections
[09-Apr-2018 12:35:37] NOTICE: Terminating ...
[09-Apr-2018 12:35:37] NOTICE: exiting, bye-bye!
[10-Apr-2018 10:56:10] NOTICE: fpm is running, pid 25
[10-Apr-2018 10:56:10] NOTICE: ready to handle connections
[11-Apr-2018 12:57:13] NOTICE: Terminating ...
[11-Apr-2018 12:57:13] NOTICE: exiting, bye-bye!
[12-Apr-2018 11:41:36] NOTICE: fpm is running, pid 8
[12-Apr-2018 11:41:36] NOTICE: ready to handle connections
