2018-03-26 12:18:11 25 [Warning] Using unique option prefix myisam-recover instead of myisam-recover-options is deprecated and will be removed in a future release. Please use the full name instead.
2018-03-26 12:18:11 25 [Note] Plugin 'FEDERATED' is disabled.
2018-03-26 12:18:11 25 [Note] InnoDB: Using atomics to ref count buffer pool pages
2018-03-26 12:18:11 25 [Note] InnoDB: The InnoDB memory heap is disabled
2018-03-26 12:18:11 25 [Note] InnoDB: Mutexes and rw_locks use GCC atomic builtins
2018-03-26 12:18:11 25 [Note] InnoDB: Memory barrier is not used
2018-03-26 12:18:11 25 [Note] InnoDB: Compressed tables use zlib 1.2.3
2018-03-26 12:18:11 25 [Note] InnoDB: Using Linux native AIO
2018-03-26 12:18:11 25 [Note] InnoDB: Using CPU crc32 instructions
2018-03-26 12:18:11 25 [Note] InnoDB: Initializing buffer pool, size = 32.0M
2018-03-26 12:18:11 25 [Note] InnoDB: Completed initialization of buffer pool
2018-03-26 12:18:11 25 [Note] InnoDB: Highest supported file format is Barracuda.
2018-03-26 12:18:11 25 [Note] InnoDB: The log sequence numbers 1625987 and 1625987 in ibdata files do not match the log sequence number 1625997 in the ib_logfiles!
2018-03-26 12:18:11 25 [Note] InnoDB: Database was not shutdown normally!
2018-03-26 12:18:11 25 [Note] InnoDB: Starting crash recovery.
2018-03-26 12:18:11 25 [Note] InnoDB: Reading tablespace information from the .ibd files...
2018-03-26 12:18:11 25 [Note] InnoDB: Restoring possible half-written data pages 
2018-03-26 12:18:11 25 [Note] InnoDB: from the doublewrite buffer...
2018-03-26 12:18:11 25 [Note] InnoDB: 128 rollback segment(s) are active.
2018-03-26 12:18:12 25 [Note] InnoDB: Waiting for purge to start
2018-03-26 12:18:12 25 [Note] InnoDB: 5.6.37 started; log sequence number 1625997
2018-03-26 12:18:12 25 [Note] Server hostname (bind-address): '*'; port: 3306
2018-03-26 12:18:12 25 [Note] IPv6 is available.
2018-03-26 12:18:12 25 [Note]   - '::' resolves to '::';
2018-03-26 12:18:12 25 [Note] Server socket created on IP: '::'.
2018-03-26 12:18:12 25 [ERROR] /usr/sbin/mysqld: Table './mysql/user' is marked as crashed and should be repaired
2018-03-26 12:18:12 25 [Warning] Checking table:   './mysql/user'
2018-03-26 12:18:12 25 [ERROR] 1 client is using or hasn't closed the table properly
2018-03-26 12:18:12 25 [Warning] 'user' entry 'root@e24d0b5cccc1' ignored in --skip-name-resolve mode.
2018-03-26 12:18:12 25 [Warning] 'user' entry '@e24d0b5cccc1' ignored in --skip-name-resolve mode.
2018-03-26 12:18:12 25 [Warning] 'proxies_priv' entry '@ root@e24d0b5cccc1' ignored in --skip-name-resolve mode.
2018-03-26 12:18:12 25 [Note] Event Scheduler: Loaded 0 events
2018-03-26 12:18:12 25 [Note] /usr/sbin/mysqld: ready for connections.
Version: '5.6.37'  socket: '/var/run/mysqld/mysqld.sock'  port: 3306  MySQL Community Server (GPL)
2018-03-26 13:44:46 25 [Note] /usr/sbin/mysqld: Normal shutdown

2018-03-26 13:44:46 25 [Note] Giving 0 client threads a chance to die gracefully
2018-03-26 13:44:46 25 [Note] Event Scheduler: Purging the queue. 0 events
2018-03-26 13:44:46 25 [Note] Shutting down slave threads
2018-03-26 13:44:46 25 [Note] Forcefully disconnecting 0 remaining clients
2018-03-26 13:44:46 25 [Note] Binlog end
2018-03-26 13:44:46 25 [Note] Shutting down plugin 'partition'
2018-03-26 13:44:46 25 [Note] Shutting down plugin 'INNODB_SYS_DATAFILES'
2018-03-26 13:44:46 25 [Note] Shutting down plugin 'INNODB_SYS_TABLESPACES'
2018-03-26 13:44:46 25 [Note] Shutting down plugin 'INNODB_SYS_FOREIGN_COLS'
2018-03-26 13:44:46 25 [Note] Shutting down plugin 'INNODB_SYS_FOREIGN'
2018-03-26 13:44:46 25 [Note] Shutting down plugin 'INNODB_SYS_FIELDS'
2018-03-26 13:44:46 25 [Note] Shutting down plugin 'INNODB_SYS_COLUMNS'
2018-03-26 13:44:46 25 [Note] Shutting down plugin 'INNODB_SYS_INDEXES'
2018-03-26 13:44:46 25 [Note] Shutting down plugin 'INNODB_SYS_TABLESTATS'
2018-03-26 13:44:46 25 [Note] Shutting down plugin 'INNODB_SYS_TABLES'
2018-03-26 13:44:46 25 [Note] Shutting down plugin 'INNODB_FT_INDEX_TABLE'
2018-03-26 13:44:46 25 [Note] Shutting down plugin 'INNODB_FT_INDEX_CACHE'
2018-03-26 13:44:46 25 [Note] Shutting down plugin 'INNODB_FT_CONFIG'
2018-03-26 13:44:46 25 [Note] Shutting down plugin 'INNODB_FT_BEING_DELETED'
2018-03-26 13:44:46 25 [Note] Shutting down plugin 'INNODB_FT_DELETED'
2018-03-26 13:44:46 25 [Note] Shutting down plugin 'INNODB_FT_DEFAULT_STOPWORD'
2018-03-26 13:44:46 25 [Note] Shutting down plugin 'INNODB_METRICS'
2018-03-26 13:44:46 25 [Note] Shutting down plugin 'INNODB_BUFFER_POOL_STATS'
2018-03-26 13:44:46 25 [Note] Shutting down plugin 'INNODB_BUFFER_PAGE_LRU'
2018-03-26 13:44:46 25 [Note] Shutting down plugin 'INNODB_BUFFER_PAGE'
2018-03-26 13:44:46 25 [Note] Shutting down plugin 'INNODB_CMP_PER_INDEX_RESET'
2018-03-26 13:44:46 25 [Note] Shutting down plugin 'INNODB_CMP_PER_INDEX'
2018-03-26 13:44:46 25 [Note] Shutting down plugin 'INNODB_CMPMEM_RESET'
2018-03-26 13:44:46 25 [Note] Shutting down plugin 'INNODB_CMPMEM'
2018-03-26 13:44:46 25 [Note] Shutting down plugin 'INNODB_CMP_RESET'
2018-03-26 13:44:46 25 [Note] Shutting down plugin 'INNODB_CMP'
2018-03-26 13:44:46 25 [Note] Shutting down plugin 'INNODB_LOCK_WAITS'
2018-03-26 13:44:46 25 [Note] Shutting down plugin 'INNODB_LOCKS'
2018-03-26 13:44:46 25 [Note] Shutting down plugin 'INNODB_TRX'
2018-03-26 13:44:46 25 [Note] Shutting down plugin 'InnoDB'
2018-03-26 13:44:46 25 [Note] InnoDB: FTS optimize thread exiting.
2018-03-26 13:44:46 25 [Note] InnoDB: Starting shutdown...
2018-03-26 13:44:47 25 [Note] InnoDB: Shutdown completed; log sequence number 3295598
2018-03-26 13:44:47 25 [Note] Shutting down plugin 'BLACKHOLE'
2018-03-26 13:44:47 25 [Note] Shutting down plugin 'ARCHIVE'
2018-03-26 13:44:47 25 [Note] Shutting down plugin 'PERFORMANCE_SCHEMA'
2018-03-26 13:44:47 25 [Note] Shutting down plugin 'MEMORY'
2018-03-26 13:44:47 25 [Note] Shutting down plugin 'MyISAM'
2018-03-26 13:44:47 25 [Note] Shutting down plugin 'MRG_MYISAM'
2018-03-26 13:44:47 25 [Note] Shutting down plugin 'CSV'
2018-03-26 13:44:47 25 [Note] Shutting down plugin 'sha256_password'
2018-03-26 13:44:47 25 [Note] Shutting down plugin 'mysql_old_password'
2018-03-26 13:44:47 25 [Note] Shutting down plugin 'mysql_native_password'
2018-03-26 13:44:47 25 [Note] Shutting down plugin 'binlog'
2018-03-26 13:44:47 25 [Note] /usr/sbin/mysqld: Shutdown complete

2018-04-08 03:01:56 22 [Warning] Using unique option prefix myisam-recover instead of myisam-recover-options is deprecated and will be removed in a future release. Please use the full name instead.
2018-04-08 03:01:56 22 [Note] Plugin 'FEDERATED' is disabled.
2018-04-08 03:01:56 22 [Note] InnoDB: Using atomics to ref count buffer pool pages
2018-04-08 03:01:56 22 [Note] InnoDB: The InnoDB memory heap is disabled
2018-04-08 03:01:56 22 [Note] InnoDB: Mutexes and rw_locks use GCC atomic builtins
2018-04-08 03:01:56 22 [Note] InnoDB: Memory barrier is not used
2018-04-08 03:01:56 22 [Note] InnoDB: Compressed tables use zlib 1.2.3
2018-04-08 03:01:56 22 [Note] InnoDB: Using Linux native AIO
2018-04-08 03:01:56 22 [Note] InnoDB: Using CPU crc32 instructions
2018-04-08 03:01:56 22 [Note] InnoDB: Initializing buffer pool, size = 32.0M
2018-04-08 03:01:56 22 [Note] InnoDB: Completed initialization of buffer pool
2018-04-08 03:01:56 22 [Note] InnoDB: Highest supported file format is Barracuda.
2018-04-08 03:01:56 22 [Note] InnoDB: 128 rollback segment(s) are active.
2018-04-08 03:01:56 22 [Note] InnoDB: Waiting for purge to start
2018-04-08 03:01:56 22 [Note] InnoDB: 5.6.37 started; log sequence number 3295598
2018-04-08 03:01:56 22 [Note] Server hostname (bind-address): '*'; port: 3306
2018-04-08 03:01:56 22 [Note] IPv6 is available.
2018-04-08 03:01:56 22 [Note]   - '::' resolves to '::';
2018-04-08 03:01:56 22 [Note] Server socket created on IP: '::'.
2018-04-08 03:01:56 22 [Warning] 'user' entry 'root@e24d0b5cccc1' ignored in --skip-name-resolve mode.
2018-04-08 03:01:56 22 [Warning] 'user' entry '@e24d0b5cccc1' ignored in --skip-name-resolve mode.
2018-04-08 03:01:56 22 [Warning] 'proxies_priv' entry '@ root@e24d0b5cccc1' ignored in --skip-name-resolve mode.
2018-04-08 03:01:56 22 [Note] Event Scheduler: Loaded 0 events
2018-04-08 03:01:56 22 [Note] /usr/sbin/mysqld: ready for connections.
Version: '5.6.37'  socket: '/var/run/mysqld/mysqld.sock'  port: 3306  MySQL Community Server (GPL)
2018-04-08 09:50:11 22 [Note] /usr/sbin/mysqld: Normal shutdown

2018-04-08 09:50:11 22 [Note] Giving 0 client threads a chance to die gracefully
2018-04-08 09:50:11 22 [Note] Event Scheduler: Purging the queue. 0 events
2018-04-08 09:50:11 22 [Note] Shutting down slave threads
2018-04-08 09:50:11 22 [Note] Forcefully disconnecting 0 remaining clients
2018-04-08 09:50:11 22 [Note] Binlog end
2018-04-08 09:50:11 22 [Note] Shutting down plugin 'partition'
2018-04-08 09:50:11 22 [Note] Shutting down plugin 'INNODB_SYS_DATAFILES'
2018-04-08 09:50:11 22 [Note] Shutting down plugin 'INNODB_SYS_TABLESPACES'
2018-04-08 09:50:11 22 [Note] Shutting down plugin 'INNODB_SYS_FOREIGN_COLS'
2018-04-08 09:50:11 22 [Note] Shutting down plugin 'INNODB_SYS_FOREIGN'
2018-04-08 09:50:11 22 [Note] Shutting down plugin 'INNODB_SYS_FIELDS'
2018-04-08 09:50:11 22 [Note] Shutting down plugin 'INNODB_SYS_COLUMNS'
2018-04-08 09:50:11 22 [Note] Shutting down plugin 'INNODB_SYS_INDEXES'
2018-04-08 09:50:11 22 [Note] Shutting down plugin 'INNODB_SYS_TABLESTATS'
2018-04-08 09:50:11 22 [Note] Shutting down plugin 'INNODB_SYS_TABLES'
2018-04-08 09:50:11 22 [Note] Shutting down plugin 'INNODB_FT_INDEX_TABLE'
2018-04-08 09:50:11 22 [Note] Shutting down plugin 'INNODB_FT_INDEX_CACHE'
2018-04-08 09:50:11 22 [Note] Shutting down plugin 'INNODB_FT_CONFIG'
2018-04-08 09:50:11 22 [Note] Shutting down plugin 'INNODB_FT_BEING_DELETED'
2018-04-08 09:50:11 22 [Note] Shutting down plugin 'INNODB_FT_DELETED'
2018-04-08 09:50:11 22 [Note] Shutting down plugin 'INNODB_FT_DEFAULT_STOPWORD'
2018-04-08 09:50:11 22 [Note] Shutting down plugin 'INNODB_METRICS'
2018-04-08 09:50:11 22 [Note] Shutting down plugin 'INNODB_BUFFER_POOL_STATS'
2018-04-08 09:50:11 22 [Note] Shutting down plugin 'INNODB_BUFFER_PAGE_LRU'
2018-04-08 09:50:11 22 [Note] Shutting down plugin 'INNODB_BUFFER_PAGE'
2018-04-08 09:50:11 22 [Note] Shutting down plugin 'INNODB_CMP_PER_INDEX_RESET'
2018-04-08 09:50:11 22 [Note] Shutting down plugin 'INNODB_CMP_PER_INDEX'
2018-04-08 09:50:11 22 [Note] Shutting down plugin 'INNODB_CMPMEM_RESET'
2018-04-08 09:50:11 22 [Note] Shutting down plugin 'INNODB_CMPMEM'
2018-04-08 09:50:11 22 [Note] Shutting down plugin 'INNODB_CMP_RESET'
2018-04-08 09:50:11 22 [Note] Shutting down plugin 'INNODB_CMP'
2018-04-08 09:50:11 22 [Note] Shutting down plugin 'INNODB_LOCK_WAITS'
2018-04-08 09:50:11 22 [Note] Shutting down plugin 'INNODB_LOCKS'
2018-04-08 09:50:11 22 [Note] Shutting down plugin 'INNODB_TRX'
2018-04-08 09:50:11 22 [Note] Shutting down plugin 'InnoDB'
2018-04-08 09:50:11 22 [Note] InnoDB: FTS optimize thread exiting.
2018-04-08 09:50:11 22 [Note] InnoDB: Starting shutdown...
2018-04-08 09:50:12 22 [Note] InnoDB: Shutdown completed; log sequence number 4426670
2018-04-08 09:50:12 22 [Note] Shutting down plugin 'BLACKHOLE'
2018-04-08 09:50:12 22 [Note] Shutting down plugin 'ARCHIVE'
2018-04-08 09:50:12 22 [Note] Shutting down plugin 'PERFORMANCE_SCHEMA'
2018-04-08 09:50:12 22 [Note] Shutting down plugin 'MEMORY'
2018-04-08 09:50:12 22 [Note] Shutting down plugin 'MyISAM'
2018-04-08 09:50:12 22 [Note] Shutting down plugin 'MRG_MYISAM'
2018-04-08 09:50:12 22 [Note] Shutting down plugin 'CSV'
2018-04-08 09:50:12 22 [Note] Shutting down plugin 'sha256_password'
2018-04-08 09:50:12 22 [Note] Shutting down plugin 'mysql_old_password'
2018-04-08 09:50:12 22 [Note] Shutting down plugin 'mysql_native_password'
2018-04-08 09:50:12 22 [Note] Shutting down plugin 'binlog'
2018-04-08 09:50:13 22 [Note] /usr/sbin/mysqld: Shutdown complete

2018-04-09 11:03:32 38 [Warning] Using unique option prefix myisam-recover instead of myisam-recover-options is deprecated and will be removed in a future release. Please use the full name instead.
2018-04-09 11:03:32 38 [Note] Plugin 'FEDERATED' is disabled.
2018-04-09 11:03:32 38 [Note] InnoDB: Using atomics to ref count buffer pool pages
2018-04-09 11:03:32 38 [Note] InnoDB: The InnoDB memory heap is disabled
2018-04-09 11:03:32 38 [Note] InnoDB: Mutexes and rw_locks use GCC atomic builtins
2018-04-09 11:03:32 38 [Note] InnoDB: Memory barrier is not used
2018-04-09 11:03:32 38 [Note] InnoDB: Compressed tables use zlib 1.2.3
2018-04-09 11:03:32 38 [Note] InnoDB: Using Linux native AIO
2018-04-09 11:03:32 38 [Note] InnoDB: Using CPU crc32 instructions
2018-04-09 11:03:32 38 [Note] InnoDB: Initializing buffer pool, size = 32.0M
2018-04-09 11:03:32 38 [Note] InnoDB: Completed initialization of buffer pool
2018-04-09 11:03:32 38 [Note] InnoDB: Highest supported file format is Barracuda.
2018-04-09 11:03:33 38 [Note] InnoDB: 128 rollback segment(s) are active.
2018-04-09 11:03:33 38 [Note] InnoDB: Waiting for purge to start
2018-04-09 11:03:33 38 [Note] InnoDB: 5.6.37 started; log sequence number 4426670
2018-04-09 11:03:33 38 [Note] Server hostname (bind-address): '*'; port: 3306
2018-04-09 11:03:33 38 [Note] IPv6 is available.
2018-04-09 11:03:33 38 [Note]   - '::' resolves to '::';
2018-04-09 11:03:33 38 [Note] Server socket created on IP: '::'.
2018-04-09 11:03:33 38 [Warning] 'user' entry 'root@e24d0b5cccc1' ignored in --skip-name-resolve mode.
2018-04-09 11:03:33 38 [Warning] 'user' entry '@e24d0b5cccc1' ignored in --skip-name-resolve mode.
2018-04-09 11:03:33 38 [Warning] 'proxies_priv' entry '@ root@e24d0b5cccc1' ignored in --skip-name-resolve mode.
2018-04-09 11:03:33 38 [Note] Event Scheduler: Loaded 0 events
2018-04-09 11:03:33 38 [Note] /usr/sbin/mysqld: ready for connections.
Version: '5.6.37'  socket: '/var/run/mysqld/mysqld.sock'  port: 3306  MySQL Community Server (GPL)
2018-04-09 12:04:58 38 [Note] /usr/sbin/mysqld: Normal shutdown

2018-04-09 12:04:58 38 [Note] Giving 0 client threads a chance to die gracefully
2018-04-09 12:04:58 38 [Note] Event Scheduler: Purging the queue. 0 events
2018-04-09 12:04:58 38 [Note] Shutting down slave threads
2018-04-09 12:04:58 38 [Note] Forcefully disconnecting 0 remaining clients
2018-04-09 12:04:58 38 [Note] Binlog end
2018-04-09 12:04:58 38 [Note] Shutting down plugin 'partition'
2018-04-09 12:04:58 38 [Note] Shutting down plugin 'INNODB_SYS_DATAFILES'
2018-04-09 12:04:58 38 [Note] Shutting down plugin 'INNODB_SYS_TABLESPACES'
2018-04-09 12:04:58 38 [Note] Shutting down plugin 'INNODB_SYS_FOREIGN_COLS'
2018-04-09 12:04:58 38 [Note] Shutting down plugin 'INNODB_SYS_FOREIGN'
2018-04-09 12:04:58 38 [Note] Shutting down plugin 'INNODB_SYS_FIELDS'
2018-04-09 12:04:58 38 [Note] Shutting down plugin 'INNODB_SYS_COLUMNS'
2018-04-09 12:04:58 38 [Note] Shutting down plugin 'INNODB_SYS_INDEXES'
2018-04-09 12:04:58 38 [Note] Shutting down plugin 'INNODB_SYS_TABLESTATS'
2018-04-09 12:04:58 38 [Note] Shutting down plugin 'INNODB_SYS_TABLES'
2018-04-09 12:04:58 38 [Note] Shutting down plugin 'INNODB_FT_INDEX_TABLE'
2018-04-09 12:04:58 38 [Note] Shutting down plugin 'INNODB_FT_INDEX_CACHE'
2018-04-09 12:04:58 38 [Note] Shutting down plugin 'INNODB_FT_CONFIG'
2018-04-09 12:04:58 38 [Note] Shutting down plugin 'INNODB_FT_BEING_DELETED'
2018-04-09 12:04:58 38 [Note] Shutting down plugin 'INNODB_FT_DELETED'
2018-04-09 12:04:58 38 [Note] Shutting down plugin 'INNODB_FT_DEFAULT_STOPWORD'
2018-04-09 12:04:58 38 [Note] Shutting down plugin 'INNODB_METRICS'
2018-04-09 12:04:58 38 [Note] Shutting down plugin 'INNODB_BUFFER_POOL_STATS'
2018-04-09 12:04:58 38 [Note] Shutting down plugin 'INNODB_BUFFER_PAGE_LRU'
2018-04-09 12:04:58 38 [Note] Shutting down plugin 'INNODB_BUFFER_PAGE'
2018-04-09 12:04:58 38 [Note] Shutting down plugin 'INNODB_CMP_PER_INDEX_RESET'
2018-04-09 12:04:58 38 [Note] Shutting down plugin 'INNODB_CMP_PER_INDEX'
2018-04-09 12:04:58 38 [Note] Shutting down plugin 'INNODB_CMPMEM_RESET'
2018-04-09 12:04:58 38 [Note] Shutting down plugin 'INNODB_CMPMEM'
2018-04-09 12:04:58 38 [Note] Shutting down plugin 'INNODB_CMP_RESET'
2018-04-09 12:04:58 38 [Note] Shutting down plugin 'INNODB_CMP'
2018-04-09 12:04:58 38 [Note] Shutting down plugin 'INNODB_LOCK_WAITS'
2018-04-09 12:04:58 38 [Note] Shutting down plugin 'INNODB_LOCKS'
2018-04-09 12:04:58 38 [Note] Shutting down plugin 'INNODB_TRX'
2018-04-09 12:04:58 38 [Note] Shutting down plugin 'InnoDB'
2018-04-09 12:04:58 38 [Note] InnoDB: FTS optimize thread exiting.
2018-04-09 12:04:58 38 [Note] InnoDB: Starting shutdown...
2018-04-09 12:04:59 38 [Note] InnoDB: Shutdown completed; log sequence number 4875405
2018-04-09 12:04:59 38 [Note] Shutting down plugin 'BLACKHOLE'
2018-04-09 12:04:59 38 [Note] Shutting down plugin 'ARCHIVE'
2018-04-09 12:04:59 38 [Note] Shutting down plugin 'PERFORMANCE_SCHEMA'
2018-04-09 12:04:59 38 [Note] Shutting down plugin 'MEMORY'
2018-04-09 12:04:59 38 [Note] Shutting down plugin 'MyISAM'
2018-04-09 12:04:59 38 [Note] Shutting down plugin 'MRG_MYISAM'
2018-04-09 12:04:59 38 [Note] Shutting down plugin 'CSV'
2018-04-09 12:04:59 38 [Note] Shutting down plugin 'sha256_password'
2018-04-09 12:04:59 38 [Note] Shutting down plugin 'mysql_old_password'
2018-04-09 12:04:59 38 [Note] Shutting down plugin 'mysql_native_password'
2018-04-09 12:04:59 38 [Note] Shutting down plugin 'binlog'
2018-04-09 12:04:59 38 [Note] /usr/sbin/mysqld: Shutdown complete

2018-04-09 12:15:29 19 [Warning] Using unique option prefix myisam-recover instead of myisam-recover-options is deprecated and will be removed in a future release. Please use the full name instead.
2018-04-09 12:15:29 19 [Note] Plugin 'FEDERATED' is disabled.
2018-04-09 12:15:29 19 [Note] InnoDB: Using atomics to ref count buffer pool pages
2018-04-09 12:15:29 19 [Note] InnoDB: The InnoDB memory heap is disabled
2018-04-09 12:15:29 19 [Note] InnoDB: Mutexes and rw_locks use GCC atomic builtins
2018-04-09 12:15:29 19 [Note] InnoDB: Memory barrier is not used
2018-04-09 12:15:29 19 [Note] InnoDB: Compressed tables use zlib 1.2.3
2018-04-09 12:15:29 19 [Note] InnoDB: Using Linux native AIO
2018-04-09 12:15:29 19 [Note] InnoDB: Using CPU crc32 instructions
2018-04-09 12:15:29 19 [Note] InnoDB: Initializing buffer pool, size = 32.0M
2018-04-09 12:15:29 19 [Note] InnoDB: Completed initialization of buffer pool
2018-04-09 12:15:29 19 [Note] InnoDB: Highest supported file format is Barracuda.
2018-04-09 12:15:29 19 [Note] InnoDB: 128 rollback segment(s) are active.
2018-04-09 12:15:29 19 [Note] InnoDB: Waiting for purge to start
2018-04-09 12:15:29 19 [Note] InnoDB: 5.6.37 started; log sequence number 4875405
2018-04-09 12:15:29 19 [Note] Server hostname (bind-address): '*'; port: 3306
2018-04-09 12:15:29 19 [Note] IPv6 is available.
2018-04-09 12:15:29 19 [Note]   - '::' resolves to '::';
2018-04-09 12:15:29 19 [Note] Server socket created on IP: '::'.
2018-04-09 12:15:29 19 [Warning] 'user' entry 'root@e24d0b5cccc1' ignored in --skip-name-resolve mode.
2018-04-09 12:15:29 19 [Warning] 'user' entry '@e24d0b5cccc1' ignored in --skip-name-resolve mode.
2018-04-09 12:15:29 19 [Warning] 'proxies_priv' entry '@ root@e24d0b5cccc1' ignored in --skip-name-resolve mode.
2018-04-09 12:15:29 19 [Note] Event Scheduler: Loaded 0 events
2018-04-09 12:15:29 19 [Note] /usr/sbin/mysqld: ready for connections.
Version: '5.6.37'  socket: '/var/run/mysqld/mysqld.sock'  port: 3306  MySQL Community Server (GPL)
2018-04-09 12:35:36 19 [Note] /usr/sbin/mysqld: Normal shutdown

2018-04-09 12:35:36 19 [Note] Giving 0 client threads a chance to die gracefully
2018-04-09 12:35:36 19 [Note] Event Scheduler: Purging the queue. 0 events
2018-04-09 12:35:36 19 [Note] Shutting down slave threads
2018-04-09 12:35:36 19 [Note] Forcefully disconnecting 0 remaining clients
2018-04-09 12:35:36 19 [Note] Binlog end
2018-04-09 12:35:36 19 [Note] Shutting down plugin 'partition'
2018-04-09 12:35:36 19 [Note] Shutting down plugin 'INNODB_SYS_DATAFILES'
2018-04-09 12:35:36 19 [Note] Shutting down plugin 'INNODB_SYS_TABLESPACES'
2018-04-09 12:35:36 19 [Note] Shutting down plugin 'INNODB_SYS_FOREIGN_COLS'
2018-04-09 12:35:36 19 [Note] Shutting down plugin 'INNODB_SYS_FOREIGN'
2018-04-09 12:35:36 19 [Note] Shutting down plugin 'INNODB_SYS_FIELDS'
2018-04-09 12:35:36 19 [Note] Shutting down plugin 'INNODB_SYS_COLUMNS'
2018-04-09 12:35:36 19 [Note] Shutting down plugin 'INNODB_SYS_INDEXES'
2018-04-09 12:35:36 19 [Note] Shutting down plugin 'INNODB_SYS_TABLESTATS'
2018-04-09 12:35:36 19 [Note] Shutting down plugin 'INNODB_SYS_TABLES'
2018-04-09 12:35:36 19 [Note] Shutting down plugin 'INNODB_FT_INDEX_TABLE'
2018-04-09 12:35:36 19 [Note] Shutting down plugin 'INNODB_FT_INDEX_CACHE'
2018-04-09 12:35:36 19 [Note] Shutting down plugin 'INNODB_FT_CONFIG'
2018-04-09 12:35:36 19 [Note] Shutting down plugin 'INNODB_FT_BEING_DELETED'
2018-04-09 12:35:36 19 [Note] Shutting down plugin 'INNODB_FT_DELETED'
2018-04-09 12:35:36 19 [Note] Shutting down plugin 'INNODB_FT_DEFAULT_STOPWORD'
2018-04-09 12:35:36 19 [Note] Shutting down plugin 'INNODB_METRICS'
2018-04-09 12:35:36 19 [Note] Shutting down plugin 'INNODB_BUFFER_POOL_STATS'
2018-04-09 12:35:36 19 [Note] Shutting down plugin 'INNODB_BUFFER_PAGE_LRU'
2018-04-09 12:35:36 19 [Note] Shutting down plugin 'INNODB_BUFFER_PAGE'
2018-04-09 12:35:36 19 [Note] Shutting down plugin 'INNODB_CMP_PER_INDEX_RESET'
2018-04-09 12:35:36 19 [Note] Shutting down plugin 'INNODB_CMP_PER_INDEX'
2018-04-09 12:35:36 19 [Note] Shutting down plugin 'INNODB_CMPMEM_RESET'
2018-04-09 12:35:36 19 [Note] Shutting down plugin 'INNODB_CMPMEM'
2018-04-09 12:35:36 19 [Note] Shutting down plugin 'INNODB_CMP_RESET'
2018-04-09 12:35:36 19 [Note] Shutting down plugin 'INNODB_CMP'
2018-04-09 12:35:36 19 [Note] Shutting down plugin 'INNODB_LOCK_WAITS'
2018-04-09 12:35:36 19 [Note] Shutting down plugin 'INNODB_LOCKS'
2018-04-09 12:35:36 19 [Note] Shutting down plugin 'INNODB_TRX'
2018-04-09 12:35:36 19 [Note] Shutting down plugin 'InnoDB'
2018-04-09 12:35:36 19 [Note] InnoDB: FTS optimize thread exiting.
2018-04-09 12:35:36 19 [Note] InnoDB: Starting shutdown...
2018-04-09 12:35:37 19 [Note] InnoDB: Shutdown completed; log sequence number 5000621
2018-04-09 12:35:37 19 [Note] Shutting down plugin 'BLACKHOLE'
2018-04-09 12:35:37 19 [Note] Shutting down plugin 'ARCHIVE'
2018-04-09 12:35:37 19 [Note] Shutting down plugin 'PERFORMANCE_SCHEMA'
2018-04-09 12:35:37 19 [Note] Shutting down plugin 'MEMORY'
2018-04-09 12:35:37 19 [Note] Shutting down plugin 'MyISAM'
2018-04-09 12:35:37 19 [Note] Shutting down plugin 'MRG_MYISAM'
2018-04-09 12:35:37 19 [Note] Shutting down plugin 'CSV'
2018-04-09 12:35:37 19 [Note] Shutting down plugin 'sha256_password'
2018-04-09 12:35:37 19 [Note] Shutting down plugin 'mysql_old_password'
2018-04-09 12:35:37 19 [Note] Shutting down plugin 'mysql_native_password'
2018-04-09 12:35:37 19 [Note] Shutting down plugin 'binlog'
2018-04-09 12:35:37 19 [Note] /usr/sbin/mysqld: Shutdown complete

2018-04-10 10:56:10 38 [Warning] Using unique option prefix myisam-recover instead of myisam-recover-options is deprecated and will be removed in a future release. Please use the full name instead.
2018-04-10 10:56:10 38 [Note] Plugin 'FEDERATED' is disabled.
2018-04-10 10:56:10 38 [Note] InnoDB: Using atomics to ref count buffer pool pages
2018-04-10 10:56:10 38 [Note] InnoDB: The InnoDB memory heap is disabled
2018-04-10 10:56:10 38 [Note] InnoDB: Mutexes and rw_locks use GCC atomic builtins
2018-04-10 10:56:10 38 [Note] InnoDB: Memory barrier is not used
2018-04-10 10:56:10 38 [Note] InnoDB: Compressed tables use zlib 1.2.3
2018-04-10 10:56:10 38 [Note] InnoDB: Using Linux native AIO
2018-04-10 10:56:10 38 [Note] InnoDB: Using CPU crc32 instructions
2018-04-10 10:56:10 38 [Note] InnoDB: Initializing buffer pool, size = 32.0M
2018-04-10 10:56:10 38 [Note] InnoDB: Completed initialization of buffer pool
2018-04-10 10:56:10 38 [Note] InnoDB: Highest supported file format is Barracuda.
2018-04-10 10:56:11 38 [Note] InnoDB: 128 rollback segment(s) are active.
2018-04-10 10:56:11 38 [Note] InnoDB: Waiting for purge to start
2018-04-10 10:56:11 38 [Note] InnoDB: 5.6.37 started; log sequence number 5000621
2018-04-10 10:56:11 38 [Note] Server hostname (bind-address): '*'; port: 3306
2018-04-10 10:56:11 38 [Note] IPv6 is available.
2018-04-10 10:56:11 38 [Note]   - '::' resolves to '::';
2018-04-10 10:56:11 38 [Note] Server socket created on IP: '::'.
2018-04-10 10:56:11 38 [Warning] 'user' entry 'root@e24d0b5cccc1' ignored in --skip-name-resolve mode.
2018-04-10 10:56:11 38 [Warning] 'user' entry '@e24d0b5cccc1' ignored in --skip-name-resolve mode.
2018-04-10 10:56:11 38 [Warning] 'proxies_priv' entry '@ root@e24d0b5cccc1' ignored in --skip-name-resolve mode.
2018-04-10 10:56:11 38 [Note] Event Scheduler: Loaded 0 events
2018-04-10 10:56:11 38 [Note] /usr/sbin/mysqld: ready for connections.
Version: '5.6.37'  socket: '/var/run/mysqld/mysqld.sock'  port: 3306  MySQL Community Server (GPL)
2018-04-11 12:57:12 38 [Note] /usr/sbin/mysqld: Normal shutdown

2018-04-11 12:57:12 38 [Note] Giving 0 client threads a chance to die gracefully
2018-04-11 12:57:12 38 [Note] Event Scheduler: Purging the queue. 0 events
2018-04-11 12:57:12 38 [Note] Shutting down slave threads
2018-04-11 12:57:12 38 [Note] Forcefully disconnecting 0 remaining clients
2018-04-11 12:57:12 38 [Note] Binlog end
2018-04-11 12:57:12 38 [Note] Shutting down plugin 'partition'
2018-04-11 12:57:12 38 [Note] Shutting down plugin 'INNODB_SYS_DATAFILES'
2018-04-11 12:57:12 38 [Note] Shutting down plugin 'INNODB_SYS_TABLESPACES'
2018-04-11 12:57:12 38 [Note] Shutting down plugin 'INNODB_SYS_FOREIGN_COLS'
2018-04-11 12:57:12 38 [Note] Shutting down plugin 'INNODB_SYS_FOREIGN'
2018-04-11 12:57:12 38 [Note] Shutting down plugin 'INNODB_SYS_FIELDS'
2018-04-11 12:57:12 38 [Note] Shutting down plugin 'INNODB_SYS_COLUMNS'
2018-04-11 12:57:12 38 [Note] Shutting down plugin 'INNODB_SYS_INDEXES'
2018-04-11 12:57:12 38 [Note] Shutting down plugin 'INNODB_SYS_TABLESTATS'
2018-04-11 12:57:12 38 [Note] Shutting down plugin 'INNODB_SYS_TABLES'
2018-04-11 12:57:12 38 [Note] Shutting down plugin 'INNODB_FT_INDEX_TABLE'
2018-04-11 12:57:12 38 [Note] Shutting down plugin 'INNODB_FT_INDEX_CACHE'
2018-04-11 12:57:12 38 [Note] Shutting down plugin 'INNODB_FT_CONFIG'
2018-04-11 12:57:12 38 [Note] Shutting down plugin 'INNODB_FT_BEING_DELETED'
2018-04-11 12:57:12 38 [Note] Shutting down plugin 'INNODB_FT_DELETED'
2018-04-11 12:57:12 38 [Note] Shutting down plugin 'INNODB_FT_DEFAULT_STOPWORD'
2018-04-11 12:57:12 38 [Note] Shutting down plugin 'INNODB_METRICS'
2018-04-11 12:57:12 38 [Note] Shutting down plugin 'INNODB_BUFFER_POOL_STATS'
2018-04-11 12:57:12 38 [Note] Shutting down plugin 'INNODB_BUFFER_PAGE_LRU'
2018-04-11 12:57:12 38 [Note] Shutting down plugin 'INNODB_BUFFER_PAGE'
2018-04-11 12:57:12 38 [Note] Shutting down plugin 'INNODB_CMP_PER_INDEX_RESET'
2018-04-11 12:57:12 38 [Note] Shutting down plugin 'INNODB_CMP_PER_INDEX'
2018-04-11 12:57:12 38 [Note] Shutting down plugin 'INNODB_CMPMEM_RESET'
2018-04-11 12:57:12 38 [Note] Shutting down plugin 'INNODB_CMPMEM'
2018-04-11 12:57:12 38 [Note] Shutting down plugin 'INNODB_CMP_RESET'
2018-04-11 12:57:12 38 [Note] Shutting down plugin 'INNODB_CMP'
2018-04-11 12:57:12 38 [Note] Shutting down plugin 'INNODB_LOCK_WAITS'
2018-04-11 12:57:12 38 [Note] Shutting down plugin 'INNODB_LOCKS'
2018-04-11 12:57:12 38 [Note] Shutting down plugin 'INNODB_TRX'
2018-04-11 12:57:12 38 [Note] Shutting down plugin 'InnoDB'
2018-04-11 12:57:12 38 [Note] InnoDB: FTS optimize thread exiting.
2018-04-11 12:57:12 38 [Note] InnoDB: Starting shutdown...
2018-04-11 12:57:14 38 [Note] InnoDB: Shutdown completed; log sequence number 6163315
2018-04-11 12:57:14 38 [Note] Shutting down plugin 'BLACKHOLE'
2018-04-11 12:57:14 38 [Note] Shutting down plugin 'ARCHIVE'
2018-04-11 12:57:14 38 [Note] Shutting down plugin 'PERFORMANCE_SCHEMA'
2018-04-11 12:57:14 38 [Note] Shutting down plugin 'MEMORY'
2018-04-11 12:57:14 38 [Note] Shutting down plugin 'MyISAM'
2018-04-11 12:57:14 38 [Note] Shutting down plugin 'MRG_MYISAM'
2018-04-11 12:57:14 38 [Note] Shutting down plugin 'CSV'
2018-04-11 12:57:14 38 [Note] Shutting down plugin 'sha256_password'
2018-04-11 12:57:14 38 [Note] Shutting down plugin 'mysql_old_password'
2018-04-11 12:57:14 38 [Note] Shutting down plugin 'mysql_native_password'
2018-04-11 12:57:14 38 [Note] Shutting down plugin 'binlog'
2018-04-11 12:57:14 38 [Note] /usr/sbin/mysqld: Shutdown complete

2018-04-12 11:41:37 21 [Warning] Using unique option prefix myisam-recover instead of myisam-recover-options is deprecated and will be removed in a future release. Please use the full name instead.
2018-04-12 11:41:37 21 [Note] Plugin 'FEDERATED' is disabled.
2018-04-12 11:41:37 21 [Note] InnoDB: Using atomics to ref count buffer pool pages
2018-04-12 11:41:37 21 [Note] InnoDB: The InnoDB memory heap is disabled
2018-04-12 11:41:37 21 [Note] InnoDB: Mutexes and rw_locks use GCC atomic builtins
2018-04-12 11:41:37 21 [Note] InnoDB: Memory barrier is not used
2018-04-12 11:41:37 21 [Note] InnoDB: Compressed tables use zlib 1.2.3
2018-04-12 11:41:37 21 [Note] InnoDB: Using Linux native AIO
2018-04-12 11:41:37 21 [Note] InnoDB: Using CPU crc32 instructions
2018-04-12 11:41:37 21 [Note] InnoDB: Initializing buffer pool, size = 32.0M
2018-04-12 11:41:37 21 [Note] InnoDB: Completed initialization of buffer pool
2018-04-12 11:41:37 21 [Note] InnoDB: Highest supported file format is Barracuda.
2018-04-12 11:41:38 21 [Note] InnoDB: 128 rollback segment(s) are active.
2018-04-12 11:41:38 21 [Note] InnoDB: Waiting for purge to start
2018-04-12 11:41:38 21 [Note] InnoDB: 5.6.37 started; log sequence number 6163315
2018-04-12 11:41:38 21 [Note] Server hostname (bind-address): '*'; port: 3306
2018-04-12 11:41:38 21 [Note] IPv6 is available.
2018-04-12 11:41:38 21 [Note]   - '::' resolves to '::';
2018-04-12 11:41:38 21 [Note] Server socket created on IP: '::'.
2018-04-12 11:41:38 21 [Warning] 'user' entry 'root@e24d0b5cccc1' ignored in --skip-name-resolve mode.
2018-04-12 11:41:38 21 [Warning] 'user' entry '@e24d0b5cccc1' ignored in --skip-name-resolve mode.
2018-04-12 11:41:38 21 [Warning] 'proxies_priv' entry '@ root@e24d0b5cccc1' ignored in --skip-name-resolve mode.
2018-04-12 11:41:38 21 [Note] Event Scheduler: Loaded 0 events
2018-04-12 11:41:38 21 [Note] /usr/sbin/mysqld: ready for connections.
Version: '5.6.37'  socket: '/var/run/mysqld/mysqld.sock'  port: 3306  MySQL Community Server (GPL)
2018-04-12 12:08:02 21 [Note] /usr/sbin/mysqld: Normal shutdown

2018-04-12 12:08:02 21 [Note] Giving 0 client threads a chance to die gracefully
2018-04-12 12:08:02 21 [Note] Event Scheduler: Purging the queue. 0 events
2018-04-12 12:08:02 21 [Note] Shutting down slave threads
2018-04-12 12:08:02 21 [Note] Forcefully disconnecting 0 remaining clients
2018-04-12 12:08:02 21 [Note] Binlog end
2018-04-12 12:08:02 21 [Note] Shutting down plugin 'partition'
2018-04-12 12:08:02 21 [Note] Shutting down plugin 'INNODB_SYS_DATAFILES'
2018-04-12 12:08:02 21 [Note] Shutting down plugin 'INNODB_SYS_TABLESPACES'
2018-04-12 12:08:02 21 [Note] Shutting down plugin 'INNODB_SYS_FOREIGN_COLS'
2018-04-12 12:08:02 21 [Note] Shutting down plugin 'INNODB_SYS_FOREIGN'
2018-04-12 12:08:02 21 [Note] Shutting down plugin 'INNODB_SYS_FIELDS'
2018-04-12 12:08:02 21 [Note] Shutting down plugin 'INNODB_SYS_COLUMNS'
2018-04-12 12:08:02 21 [Note] Shutting down plugin 'INNODB_SYS_INDEXES'
2018-04-12 12:08:02 21 [Note] Shutting down plugin 'INNODB_SYS_TABLESTATS'
2018-04-12 12:08:02 21 [Note] Shutting down plugin 'INNODB_SYS_TABLES'
2018-04-12 12:08:02 21 [Note] Shutting down plugin 'INNODB_FT_INDEX_TABLE'
2018-04-12 12:08:02 21 [Note] Shutting down plugin 'INNODB_FT_INDEX_CACHE'
2018-04-12 12:08:02 21 [Note] Shutting down plugin 'INNODB_FT_CONFIG'
2018-04-12 12:08:02 21 [Note] Shutting down plugin 'INNODB_FT_BEING_DELETED'
2018-04-12 12:08:02 21 [Note] Shutting down plugin 'INNODB_FT_DELETED'
2018-04-12 12:08:02 21 [Note] Shutting down plugin 'INNODB_FT_DEFAULT_STOPWORD'
2018-04-12 12:08:02 21 [Note] Shutting down plugin 'INNODB_METRICS'
2018-04-12 12:08:02 21 [Note] Shutting down plugin 'INNODB_BUFFER_POOL_STATS'
2018-04-12 12:08:02 21 [Note] Shutting down plugin 'INNODB_BUFFER_PAGE_LRU'
2018-04-12 12:08:02 21 [Note] Shutting down plugin 'INNODB_BUFFER_PAGE'
2018-04-12 12:08:02 21 [Note] Shutting down plugin 'INNODB_CMP_PER_INDEX_RESET'
2018-04-12 12:08:02 21 [Note] Shutting down plugin 'INNODB_CMP_PER_INDEX'
2018-04-12 12:08:02 21 [Note] Shutting down plugin 'INNODB_CMPMEM_RESET'
2018-04-12 12:08:02 21 [Note] Shutting down plugin 'INNODB_CMPMEM'
2018-04-12 12:08:02 21 [Note] Shutting down plugin 'INNODB_CMP_RESET'
2018-04-12 12:08:02 21 [Note] Shutting down plugin 'INNODB_CMP'
2018-04-12 12:08:02 21 [Note] Shutting down plugin 'INNODB_LOCK_WAITS'
2018-04-12 12:08:02 21 [Note] Shutting down plugin 'INNODB_LOCKS'
2018-04-12 12:08:02 21 [Note] Shutting down plugin 'INNODB_TRX'
2018-04-12 12:08:02 21 [Note] Shutting down plugin 'InnoDB'
2018-04-12 12:08:02 21 [Note] InnoDB: FTS optimize thread exiting.
2018-04-12 12:08:02 21 [Note] InnoDB: Starting shutdown...
2018-04-12 12:08:04 21 [Note] InnoDB: Shutdown completed; log sequence number 6607654
2018-04-12 12:08:04 21 [Note] Shutting down plugin 'BLACKHOLE'
2018-04-12 12:08:04 21 [Note] Shutting down plugin 'ARCHIVE'
2018-04-12 12:08:04 21 [Note] Shutting down plugin 'PERFORMANCE_SCHEMA'
2018-04-12 12:08:04 21 [Note] Shutting down plugin 'MEMORY'
2018-04-12 12:08:04 21 [Note] Shutting down plugin 'MyISAM'
2018-04-12 12:08:04 21 [Note] Shutting down plugin 'MRG_MYISAM'
2018-04-12 12:08:04 21 [Note] Shutting down plugin 'CSV'
2018-04-12 12:08:04 21 [Note] Shutting down plugin 'sha256_password'
2018-04-12 12:08:04 21 [Note] Shutting down plugin 'mysql_old_password'
2018-04-12 12:08:04 21 [Note] Shutting down plugin 'mysql_native_password'
2018-04-12 12:08:04 21 [Note] Shutting down plugin 'binlog'
2018-04-12 12:08:04 21 [Note] /usr/sbin/mysqld: Shutdown complete

2018-04-16 11:07:06 21 [Warning] Using unique option prefix myisam-recover instead of myisam-recover-options is deprecated and will be removed in a future release. Please use the full name instead.
2018-04-16 11:07:06 21 [Note] Plugin 'FEDERATED' is disabled.
2018-04-16 11:07:06 21 [Note] InnoDB: Using atomics to ref count buffer pool pages
2018-04-16 11:07:06 21 [Note] InnoDB: The InnoDB memory heap is disabled
2018-04-16 11:07:06 21 [Note] InnoDB: Mutexes and rw_locks use GCC atomic builtins
2018-04-16 11:07:06 21 [Note] InnoDB: Memory barrier is not used
2018-04-16 11:07:06 21 [Note] InnoDB: Compressed tables use zlib 1.2.3
2018-04-16 11:07:06 21 [Note] InnoDB: Using Linux native AIO
2018-04-16 11:07:06 21 [Note] InnoDB: Using CPU crc32 instructions
2018-04-16 11:07:06 21 [Note] InnoDB: Initializing buffer pool, size = 32.0M
2018-04-16 11:07:06 21 [Note] InnoDB: Completed initialization of buffer pool
2018-04-16 11:07:06 21 [Note] InnoDB: Highest supported file format is Barracuda.
2018-04-16 11:07:07 21 [Note] InnoDB: 128 rollback segment(s) are active.
2018-04-16 11:07:07 21 [Note] InnoDB: Waiting for purge to start
2018-04-16 11:07:07 21 [Note] InnoDB: 5.6.37 started; log sequence number 6607654
2018-04-16 11:07:07 21 [Note] Server hostname (bind-address): '*'; port: 3306
2018-04-16 11:07:07 21 [Note] IPv6 is available.
2018-04-16 11:07:07 21 [Note]   - '::' resolves to '::';
2018-04-16 11:07:07 21 [Note] Server socket created on IP: '::'.
2018-04-16 11:07:07 21 [Warning] 'user' entry 'root@e24d0b5cccc1' ignored in --skip-name-resolve mode.
2018-04-16 11:07:07 21 [Warning] 'user' entry '@e24d0b5cccc1' ignored in --skip-name-resolve mode.
2018-04-16 11:07:07 21 [Warning] 'proxies_priv' entry '@ root@e24d0b5cccc1' ignored in --skip-name-resolve mode.
2018-04-16 11:07:07 21 [Note] Event Scheduler: Loaded 0 events
2018-04-16 11:07:07 21 [Note] /usr/sbin/mysqld: ready for connections.
Version: '5.6.37'  socket: '/var/run/mysqld/mysqld.sock'  port: 3306  MySQL Community Server (GPL)
2018-04-16 12:59:36 21 [Note] /usr/sbin/mysqld: Normal shutdown

2018-04-16 12:59:36 21 [Note] Giving 0 client threads a chance to die gracefully
2018-04-16 12:59:36 21 [Note] Event Scheduler: Purging the queue. 0 events
2018-04-16 12:59:36 21 [Note] Shutting down slave threads
2018-04-16 12:59:36 21 [Note] Forcefully disconnecting 0 remaining clients
2018-04-16 12:59:36 21 [Note] Binlog end
2018-04-16 12:59:36 21 [Note] Shutting down plugin 'partition'
2018-04-16 12:59:36 21 [Note] Shutting down plugin 'INNODB_SYS_DATAFILES'
2018-04-16 12:59:36 21 [Note] Shutting down plugin 'INNODB_SYS_TABLESPACES'
2018-04-16 12:59:36 21 [Note] Shutting down plugin 'INNODB_SYS_FOREIGN_COLS'
2018-04-16 12:59:36 21 [Note] Shutting down plugin 'INNODB_SYS_FOREIGN'
2018-04-16 12:59:36 21 [Note] Shutting down plugin 'INNODB_SYS_FIELDS'
2018-04-16 12:59:36 21 [Note] Shutting down plugin 'INNODB_SYS_COLUMNS'
2018-04-16 12:59:36 21 [Note] Shutting down plugin 'INNODB_SYS_INDEXES'
2018-04-16 12:59:36 21 [Note] Shutting down plugin 'INNODB_SYS_TABLESTATS'
2018-04-16 12:59:36 21 [Note] Shutting down plugin 'INNODB_SYS_TABLES'
2018-04-16 12:59:36 21 [Note] Shutting down plugin 'INNODB_FT_INDEX_TABLE'
2018-04-16 12:59:36 21 [Note] Shutting down plugin 'INNODB_FT_INDEX_CACHE'
2018-04-16 12:59:36 21 [Note] Shutting down plugin 'INNODB_FT_CONFIG'
2018-04-16 12:59:36 21 [Note] Shutting down plugin 'INNODB_FT_BEING_DELETED'
2018-04-16 12:59:36 21 [Note] Shutting down plugin 'INNODB_FT_DELETED'
2018-04-16 12:59:36 21 [Note] Shutting down plugin 'INNODB_FT_DEFAULT_STOPWORD'
2018-04-16 12:59:36 21 [Note] Shutting down plugin 'INNODB_METRICS'
2018-04-16 12:59:36 21 [Note] Shutting down plugin 'INNODB_BUFFER_POOL_STATS'
2018-04-16 12:59:36 21 [Note] Shutting down plugin 'INNODB_BUFFER_PAGE_LRU'
2018-04-16 12:59:36 21 [Note] Shutting down plugin 'INNODB_BUFFER_PAGE'
2018-04-16 12:59:36 21 [Note] Shutting down plugin 'INNODB_CMP_PER_INDEX_RESET'
2018-04-16 12:59:36 21 [Note] Shutting down plugin 'INNODB_CMP_PER_INDEX'
2018-04-16 12:59:36 21 [Note] Shutting down plugin 'INNODB_CMPMEM_RESET'
2018-04-16 12:59:36 21 [Note] Shutting down plugin 'INNODB_CMPMEM'
2018-04-16 12:59:36 21 [Note] Shutting down plugin 'INNODB_CMP_RESET'
2018-04-16 12:59:36 21 [Note] Shutting down plugin 'INNODB_CMP'
2018-04-16 12:59:36 21 [Note] Shutting down plugin 'INNODB_LOCK_WAITS'
2018-04-16 12:59:36 21 [Note] Shutting down plugin 'INNODB_LOCKS'
2018-04-16 12:59:36 21 [Note] Shutting down plugin 'INNODB_TRX'
2018-04-16 12:59:36 21 [Note] Shutting down plugin 'InnoDB'
2018-04-16 12:59:36 21 [Note] InnoDB: FTS optimize thread exiting.
2018-04-16 12:59:36 21 [Note] InnoDB: Starting shutdown...
2018-04-16 12:59:37 21 [Note] InnoDB: Shutdown completed; log sequence number 7084951
2018-04-16 12:59:37 21 [Note] Shutting down plugin 'BLACKHOLE'
2018-04-16 12:59:37 21 [Note] Shutting down plugin 'ARCHIVE'
2018-04-16 12:59:37 21 [Note] Shutting down plugin 'PERFORMANCE_SCHEMA'
2018-04-16 12:59:37 21 [Note] Shutting down plugin 'MEMORY'
2018-04-16 12:59:37 21 [Note] Shutting down plugin 'MyISAM'
2018-04-16 12:59:37 21 [Note] Shutting down plugin 'MRG_MYISAM'
2018-04-16 12:59:37 21 [Note] Shutting down plugin 'CSV'
2018-04-16 12:59:37 21 [Note] Shutting down plugin 'sha256_password'
2018-04-16 12:59:37 21 [Note] Shutting down plugin 'mysql_old_password'
2018-04-16 12:59:37 21 [Note] Shutting down plugin 'mysql_native_password'
2018-04-16 12:59:37 21 [Note] Shutting down plugin 'binlog'
2018-04-16 12:59:37 21 [Note] /usr/sbin/mysqld: Shutdown complete

2018-04-18 11:42:17 21 [Warning] Using unique option prefix myisam-recover instead of myisam-recover-options is deprecated and will be removed in a future release. Please use the full name instead.
2018-04-18 11:42:17 21 [Note] Plugin 'FEDERATED' is disabled.
2018-04-18 11:42:18 21 [Note] InnoDB: Using atomics to ref count buffer pool pages
2018-04-18 11:42:18 21 [Note] InnoDB: The InnoDB memory heap is disabled
2018-04-18 11:42:18 21 [Note] InnoDB: Mutexes and rw_locks use GCC atomic builtins
2018-04-18 11:42:18 21 [Note] InnoDB: Memory barrier is not used
2018-04-18 11:42:18 21 [Note] InnoDB: Compressed tables use zlib 1.2.3
2018-04-18 11:42:18 21 [Note] InnoDB: Using Linux native AIO
2018-04-18 11:42:18 21 [Note] InnoDB: Using CPU crc32 instructions
2018-04-18 11:42:18 21 [Note] InnoDB: Initializing buffer pool, size = 32.0M
2018-04-18 11:42:18 21 [Note] InnoDB: Completed initialization of buffer pool
2018-04-18 11:42:18 21 [Note] InnoDB: Highest supported file format is Barracuda.
2018-04-18 11:42:18 21 [Note] InnoDB: 128 rollback segment(s) are active.
2018-04-18 11:42:18 21 [Note] InnoDB: Waiting for purge to start
2018-04-18 11:42:18 21 [Note] InnoDB: 5.6.37 started; log sequence number 7084951
2018-04-18 11:42:18 21 [Note] Server hostname (bind-address): '*'; port: 3306
2018-04-18 11:42:18 21 [Note] IPv6 is available.
2018-04-18 11:42:18 21 [Note]   - '::' resolves to '::';
2018-04-18 11:42:18 21 [Note] Server socket created on IP: '::'.
2018-04-18 11:42:18 21 [Warning] 'user' entry 'root@e24d0b5cccc1' ignored in --skip-name-resolve mode.
2018-04-18 11:42:18 21 [Warning] 'user' entry '@e24d0b5cccc1' ignored in --skip-name-resolve mode.
2018-04-18 11:42:18 21 [Warning] 'proxies_priv' entry '@ root@e24d0b5cccc1' ignored in --skip-name-resolve mode.
2018-04-18 11:42:18 21 [Note] Event Scheduler: Loaded 0 events
2018-04-18 11:42:18 21 [Note] /usr/sbin/mysqld: ready for connections.
Version: '5.6.37'  socket: '/var/run/mysqld/mysqld.sock'  port: 3306  MySQL Community Server (GPL)
2018-04-19 11:36:28 39 [Warning] Using unique option prefix myisam-recover instead of myisam-recover-options is deprecated and will be removed in a future release. Please use the full name instead.
2018-04-19 11:36:28 39 [Note] Plugin 'FEDERATED' is disabled.
2018-04-19 11:36:28 39 [Note] InnoDB: Using atomics to ref count buffer pool pages
2018-04-19 11:36:28 39 [Note] InnoDB: The InnoDB memory heap is disabled
2018-04-19 11:36:28 39 [Note] InnoDB: Mutexes and rw_locks use GCC atomic builtins
2018-04-19 11:36:28 39 [Note] InnoDB: Memory barrier is not used
2018-04-19 11:36:28 39 [Note] InnoDB: Compressed tables use zlib 1.2.3
2018-04-19 11:36:28 39 [Note] InnoDB: Using Linux native AIO
2018-04-19 11:36:28 39 [Note] InnoDB: Using CPU crc32 instructions
2018-04-19 11:36:28 39 [Note] InnoDB: Initializing buffer pool, size = 32.0M
2018-04-19 11:36:28 39 [Note] InnoDB: Completed initialization of buffer pool
2018-04-19 11:36:28 39 [Note] InnoDB: Highest supported file format is Barracuda.
2018-04-19 11:36:28 39 [Note] InnoDB: The log sequence numbers 7084951 and 7084951 in ibdata files do not match the log sequence number 7519757 in the ib_logfiles!
2018-04-19 11:36:28 39 [Note] InnoDB: Database was not shutdown normally!
2018-04-19 11:36:28 39 [Note] InnoDB: Starting crash recovery.
2018-04-19 11:36:28 39 [Note] InnoDB: Reading tablespace information from the .ibd files...
2018-04-19 11:36:28 39 [Note] InnoDB: Restoring possible half-written data pages 
2018-04-19 11:36:28 39 [Note] InnoDB: from the doublewrite buffer...
2018-04-19 11:36:28 39 [Note] InnoDB: 128 rollback segment(s) are active.
2018-04-19 11:36:28 39 [Note] InnoDB: Waiting for purge to start
2018-04-19 11:36:28 39 [Note] InnoDB: 5.6.37 started; log sequence number 7519757
2018-04-19 11:36:28 39 [Note] Server hostname (bind-address): '*'; port: 3306
2018-04-19 11:36:28 39 [Note] IPv6 is available.
2018-04-19 11:36:28 39 [Note]   - '::' resolves to '::';
2018-04-19 11:36:28 39 [Note] Server socket created on IP: '::'.
2018-04-19 11:36:28 39 [Warning] 'user' entry 'root@e24d0b5cccc1' ignored in --skip-name-resolve mode.
2018-04-19 11:36:28 39 [Warning] 'user' entry '@e24d0b5cccc1' ignored in --skip-name-resolve mode.
2018-04-19 11:36:28 39 [Warning] 'proxies_priv' entry '@ root@e24d0b5cccc1' ignored in --skip-name-resolve mode.
2018-04-19 11:36:28 39 [Note] Event Scheduler: Loaded 0 events
2018-04-19 11:36:28 39 [Note] /usr/sbin/mysqld: ready for connections.
Version: '5.6.37'  socket: '/var/run/mysqld/mysqld.sock'  port: 3306  MySQL Community Server (GPL)
2018-04-20 12:07:15 19 [Warning] Using unique option prefix myisam-recover instead of myisam-recover-options is deprecated and will be removed in a future release. Please use the full name instead.
2018-04-20 12:07:15 19 [Note] Plugin 'FEDERATED' is disabled.
2018-04-20 12:07:15 19 [Note] InnoDB: Using atomics to ref count buffer pool pages
2018-04-20 12:07:15 19 [Note] InnoDB: The InnoDB memory heap is disabled
2018-04-20 12:07:15 19 [Note] InnoDB: Mutexes and rw_locks use GCC atomic builtins
2018-04-20 12:07:15 19 [Note] InnoDB: Memory barrier is not used
2018-04-20 12:07:15 19 [Note] InnoDB: Compressed tables use zlib 1.2.3
2018-04-20 12:07:15 19 [Note] InnoDB: Using Linux native AIO
2018-04-20 12:07:15 19 [Note] InnoDB: Using CPU crc32 instructions
2018-04-20 12:07:15 19 [Note] InnoDB: Initializing buffer pool, size = 32.0M
2018-04-20 12:07:15 19 [Note] InnoDB: Completed initialization of buffer pool
2018-04-20 12:07:15 19 [Note] InnoDB: Highest supported file format is Barracuda.
2018-04-20 12:07:15 19 [Note] InnoDB: The log sequence numbers 7084951 and 7084951 in ibdata files do not match the log sequence number 8090460 in the ib_logfiles!
2018-04-20 12:07:15 19 [Note] InnoDB: Database was not shutdown normally!
2018-04-20 12:07:15 19 [Note] InnoDB: Starting crash recovery.
2018-04-20 12:07:15 19 [Note] InnoDB: Reading tablespace information from the .ibd files...
2018-04-20 12:07:15 19 [Note] InnoDB: Restoring possible half-written data pages 
2018-04-20 12:07:15 19 [Note] InnoDB: from the doublewrite buffer...
2018-04-20 12:07:15 19 [Note] InnoDB: 128 rollback segment(s) are active.
2018-04-20 12:07:15 19 [Note] InnoDB: Waiting for purge to start
2018-04-20 12:07:15 19 [Note] InnoDB: 5.6.37 started; log sequence number 8090460
2018-04-20 12:07:15 19 [Note] Server hostname (bind-address): '*'; port: 3306
2018-04-20 12:07:15 19 [Note] IPv6 is available.
2018-04-20 12:07:15 19 [Note]   - '::' resolves to '::';
2018-04-20 12:07:15 19 [Note] Server socket created on IP: '::'.
2018-04-20 12:07:15 19 [Warning] 'user' entry 'root@e24d0b5cccc1' ignored in --skip-name-resolve mode.
2018-04-20 12:07:15 19 [Warning] 'user' entry '@e24d0b5cccc1' ignored in --skip-name-resolve mode.
2018-04-20 12:07:15 19 [Warning] 'proxies_priv' entry '@ root@e24d0b5cccc1' ignored in --skip-name-resolve mode.
2018-04-20 12:07:15 19 [Note] Event Scheduler: Loaded 0 events
2018-04-20 12:07:15 19 [Note] /usr/sbin/mysqld: ready for connections.
Version: '5.6.37'  socket: '/var/run/mysqld/mysqld.sock'  port: 3306  MySQL Community Server (GPL)
2018-04-20 12:54:39 19 [Note] /usr/sbin/mysqld: Normal shutdown

2018-04-20 12:54:39 19 [Note] Giving 0 client threads a chance to die gracefully
2018-04-20 12:54:39 19 [Note] Event Scheduler: Purging the queue. 0 events
2018-04-20 12:54:39 19 [Note] Shutting down slave threads
2018-04-20 12:54:39 19 [Note] Forcefully disconnecting 0 remaining clients
2018-04-20 12:54:39 19 [Note] Binlog end
2018-04-20 12:54:39 19 [Note] Shutting down plugin 'partition'
2018-04-20 12:54:39 19 [Note] Shutting down plugin 'INNODB_SYS_DATAFILES'
2018-04-20 12:54:39 19 [Note] Shutting down plugin 'INNODB_SYS_TABLESPACES'
2018-04-20 12:54:39 19 [Note] Shutting down plugin 'INNODB_SYS_FOREIGN_COLS'
2018-04-20 12:54:39 19 [Note] Shutting down plugin 'INNODB_SYS_FOREIGN'
2018-04-20 12:54:39 19 [Note] Shutting down plugin 'INNODB_SYS_FIELDS'
2018-04-20 12:54:39 19 [Note] Shutting down plugin 'INNODB_SYS_COLUMNS'
2018-04-20 12:54:39 19 [Note] Shutting down plugin 'INNODB_SYS_INDEXES'
2018-04-20 12:54:39 19 [Note] Shutting down plugin 'INNODB_SYS_TABLESTATS'
2018-04-20 12:54:39 19 [Note] Shutting down plugin 'INNODB_SYS_TABLES'
2018-04-20 12:54:39 19 [Note] Shutting down plugin 'INNODB_FT_INDEX_TABLE'
2018-04-20 12:54:39 19 [Note] Shutting down plugin 'INNODB_FT_INDEX_CACHE'
2018-04-20 12:54:39 19 [Note] Shutting down plugin 'INNODB_FT_CONFIG'
2018-04-20 12:54:39 19 [Note] Shutting down plugin 'INNODB_FT_BEING_DELETED'
2018-04-20 12:54:39 19 [Note] Shutting down plugin 'INNODB_FT_DELETED'
2018-04-20 12:54:39 19 [Note] Shutting down plugin 'INNODB_FT_DEFAULT_STOPWORD'
2018-04-20 12:54:39 19 [Note] Shutting down plugin 'INNODB_METRICS'
2018-04-20 12:54:39 19 [Note] Shutting down plugin 'INNODB_BUFFER_POOL_STATS'
2018-04-20 12:54:39 19 [Note] Shutting down plugin 'INNODB_BUFFER_PAGE_LRU'
2018-04-20 12:54:39 19 [Note] Shutting down plugin 'INNODB_BUFFER_PAGE'
2018-04-20 12:54:39 19 [Note] Shutting down plugin 'INNODB_CMP_PER_INDEX_RESET'
2018-04-20 12:54:39 19 [Note] Shutting down plugin 'INNODB_CMP_PER_INDEX'
2018-04-20 12:54:39 19 [Note] Shutting down plugin 'INNODB_CMPMEM_RESET'
2018-04-20 12:54:39 19 [Note] Shutting down plugin 'INNODB_CMPMEM'
2018-04-20 12:54:39 19 [Note] Shutting down plugin 'INNODB_CMP_RESET'
2018-04-20 12:54:39 19 [Note] Shutting down plugin 'INNODB_CMP'
2018-04-20 12:54:39 19 [Note] Shutting down plugin 'INNODB_LOCK_WAITS'
2018-04-20 12:54:39 19 [Note] Shutting down plugin 'INNODB_LOCKS'
2018-04-20 12:54:39 19 [Note] Shutting down plugin 'INNODB_TRX'
2018-04-20 12:54:39 19 [Note] Shutting down plugin 'InnoDB'
2018-04-20 12:54:39 19 [Note] InnoDB: FTS optimize thread exiting.
2018-04-20 12:54:39 19 [Note] InnoDB: Starting shutdown...
2018-04-20 12:54:40 19 [Note] InnoDB: Shutdown completed; log sequence number 8494987
2018-04-20 12:54:40 19 [Note] Shutting down plugin 'BLACKHOLE'
2018-04-20 12:54:40 19 [Note] Shutting down plugin 'ARCHIVE'
2018-04-20 12:54:40 19 [Note] Shutting down plugin 'PERFORMANCE_SCHEMA'
2018-04-20 12:54:40 19 [Note] Shutting down plugin 'MEMORY'
2018-04-20 12:54:40 19 [Note] Shutting down plugin 'MyISAM'
2018-04-20 12:54:40 19 [Note] Shutting down plugin 'MRG_MYISAM'
2018-04-20 12:54:40 19 [Note] Shutting down plugin 'CSV'
2018-04-20 12:54:40 19 [Note] Shutting down plugin 'sha256_password'
2018-04-20 12:54:40 19 [Note] Shutting down plugin 'mysql_old_password'
2018-04-20 12:54:40 19 [Note] Shutting down plugin 'mysql_native_password'
2018-04-20 12:54:40 19 [Note] Shutting down plugin 'binlog'
2018-04-20 12:54:40 19 [Note] /usr/sbin/mysqld: Shutdown complete

2018-04-21 08:43:26 21 [Warning] Using unique option prefix myisam-recover instead of myisam-recover-options is deprecated and will be removed in a future release. Please use the full name instead.
2018-04-21 08:43:26 21 [Note] Plugin 'FEDERATED' is disabled.
2018-04-21 08:43:26 21 [Note] InnoDB: Using atomics to ref count buffer pool pages
2018-04-21 08:43:26 21 [Note] InnoDB: The InnoDB memory heap is disabled
2018-04-21 08:43:26 21 [Note] InnoDB: Mutexes and rw_locks use GCC atomic builtins
2018-04-21 08:43:26 21 [Note] InnoDB: Memory barrier is not used
2018-04-21 08:43:26 21 [Note] InnoDB: Compressed tables use zlib 1.2.3
2018-04-21 08:43:26 21 [Note] InnoDB: Using Linux native AIO
2018-04-21 08:43:26 21 [Note] InnoDB: Using CPU crc32 instructions
2018-04-21 08:43:26 21 [Note] InnoDB: Initializing buffer pool, size = 32.0M
2018-04-21 08:43:26 21 [Note] InnoDB: Completed initialization of buffer pool
2018-04-21 08:43:26 21 [Note] InnoDB: Highest supported file format is Barracuda.
2018-04-21 08:43:26 21 [Note] InnoDB: 128 rollback segment(s) are active.
2018-04-21 08:43:26 21 [Note] InnoDB: Waiting for purge to start
2018-04-21 08:43:26 21 [Note] InnoDB: 5.6.37 started; log sequence number 8494987
2018-04-21 08:43:26 21 [Note] Server hostname (bind-address): '*'; port: 3306
2018-04-21 08:43:26 21 [Note] IPv6 is available.
2018-04-21 08:43:26 21 [Note]   - '::' resolves to '::';
2018-04-21 08:43:26 21 [Note] Server socket created on IP: '::'.
2018-04-21 08:43:26 21 [Warning] 'user' entry 'root@e24d0b5cccc1' ignored in --skip-name-resolve mode.
2018-04-21 08:43:26 21 [Warning] 'user' entry '@e24d0b5cccc1' ignored in --skip-name-resolve mode.
2018-04-21 08:43:26 21 [Warning] 'proxies_priv' entry '@ root@e24d0b5cccc1' ignored in --skip-name-resolve mode.
2018-04-21 08:43:27 21 [Note] Event Scheduler: Loaded 0 events
2018-04-21 08:43:27 21 [Note] /usr/sbin/mysqld: ready for connections.
Version: '5.6.37'  socket: '/var/run/mysqld/mysqld.sock'  port: 3306  MySQL Community Server (GPL)
2018-04-21 09:38:39 21 [Note] /usr/sbin/mysqld: Normal shutdown

2018-04-21 09:38:39 21 [Note] Giving 0 client threads a chance to die gracefully
2018-04-21 09:38:39 21 [Note] Event Scheduler: Purging the queue. 0 events
2018-04-21 09:38:39 21 [Note] Shutting down slave threads
2018-04-21 09:38:39 21 [Note] Forcefully disconnecting 0 remaining clients
2018-04-21 09:38:39 21 [Note] Binlog end
2018-04-21 09:38:39 21 [Note] Shutting down plugin 'partition'
2018-04-21 09:38:39 21 [Note] Shutting down plugin 'INNODB_SYS_DATAFILES'
2018-04-21 09:38:39 21 [Note] Shutting down plugin 'INNODB_SYS_TABLESPACES'
2018-04-21 09:38:39 21 [Note] Shutting down plugin 'INNODB_SYS_FOREIGN_COLS'
2018-04-21 09:38:39 21 [Note] Shutting down plugin 'INNODB_SYS_FOREIGN'
2018-04-21 09:38:39 21 [Note] Shutting down plugin 'INNODB_SYS_FIELDS'
2018-04-21 09:38:39 21 [Note] Shutting down plugin 'INNODB_SYS_COLUMNS'
2018-04-21 09:38:39 21 [Note] Shutting down plugin 'INNODB_SYS_INDEXES'
2018-04-21 09:38:39 21 [Note] Shutting down plugin 'INNODB_SYS_TABLESTATS'
2018-04-21 09:38:39 21 [Note] Shutting down plugin 'INNODB_SYS_TABLES'
2018-04-21 09:38:39 21 [Note] Shutting down plugin 'INNODB_FT_INDEX_TABLE'
2018-04-21 09:38:40 21 [Note] Shutting down plugin 'INNODB_FT_INDEX_CACHE'
2018-04-21 09:38:40 21 [Note] Shutting down plugin 'INNODB_FT_CONFIG'
2018-04-21 09:38:40 21 [Note] Shutting down plugin 'INNODB_FT_BEING_DELETED'
2018-04-21 09:38:40 21 [Note] Shutting down plugin 'INNODB_FT_DELETED'
2018-04-21 09:38:40 21 [Note] Shutting down plugin 'INNODB_FT_DEFAULT_STOPWORD'
2018-04-21 09:38:40 21 [Note] Shutting down plugin 'INNODB_METRICS'
2018-04-21 09:38:40 21 [Note] Shutting down plugin 'INNODB_BUFFER_POOL_STATS'
2018-04-21 09:38:40 21 [Note] Shutting down plugin 'INNODB_BUFFER_PAGE_LRU'
2018-04-21 09:38:40 21 [Note] Shutting down plugin 'INNODB_BUFFER_PAGE'
2018-04-21 09:38:40 21 [Note] Shutting down plugin 'INNODB_CMP_PER_INDEX_RESET'
2018-04-21 09:38:40 21 [Note] Shutting down plugin 'INNODB_CMP_PER_INDEX'
2018-04-21 09:38:40 21 [Note] Shutting down plugin 'INNODB_CMPMEM_RESET'
2018-04-21 09:38:40 21 [Note] Shutting down plugin 'INNODB_CMPMEM'
2018-04-21 09:38:40 21 [Note] Shutting down plugin 'INNODB_CMP_RESET'
2018-04-21 09:38:40 21 [Note] Shutting down plugin 'INNODB_CMP'
2018-04-21 09:38:40 21 [Note] Shutting down plugin 'INNODB_LOCK_WAITS'
2018-04-21 09:38:40 21 [Note] Shutting down plugin 'INNODB_LOCKS'
2018-04-21 09:38:40 21 [Note] Shutting down plugin 'INNODB_TRX'
2018-04-21 09:38:40 21 [Note] Shutting down plugin 'InnoDB'
2018-04-21 09:38:40 21 [Note] InnoDB: FTS optimize thread exiting.
2018-04-21 09:38:40 21 [Note] InnoDB: Starting shutdown...
2018-04-21 09:38:41 21 [Note] InnoDB: Shutdown completed; log sequence number 8836552
2018-04-21 09:38:41 21 [Note] Shutting down plugin 'BLACKHOLE'
2018-04-21 09:38:41 21 [Note] Shutting down plugin 'ARCHIVE'
2018-04-21 09:38:41 21 [Note] Shutting down plugin 'PERFORMANCE_SCHEMA'
2018-04-21 09:38:41 21 [Note] Shutting down plugin 'MEMORY'
2018-04-21 09:38:41 21 [Note] Shutting down plugin 'MyISAM'
2018-04-21 09:38:41 21 [Note] Shutting down plugin 'MRG_MYISAM'
2018-04-21 09:38:41 21 [Note] Shutting down plugin 'CSV'
2018-04-21 09:38:41 21 [Note] Shutting down plugin 'sha256_password'
2018-04-21 09:38:41 21 [Note] Shutting down plugin 'mysql_old_password'
2018-04-21 09:38:41 21 [Note] Shutting down plugin 'mysql_native_password'
2018-04-21 09:38:41 21 [Note] Shutting down plugin 'binlog'
2018-04-21 09:38:41 21 [Note] /usr/sbin/mysqld: Shutdown complete

2018-04-22 04:46:12 21 [Warning] Using unique option prefix myisam-recover instead of myisam-recover-options is deprecated and will be removed in a future release. Please use the full name instead.
2018-04-22 04:46:12 21 [Note] Plugin 'FEDERATED' is disabled.
2018-04-22 04:46:12 21 [Note] InnoDB: Using atomics to ref count buffer pool pages
2018-04-22 04:46:12 21 [Note] InnoDB: The InnoDB memory heap is disabled
2018-04-22 04:46:12 21 [Note] InnoDB: Mutexes and rw_locks use GCC atomic builtins
2018-04-22 04:46:12 21 [Note] InnoDB: Memory barrier is not used
2018-04-22 04:46:12 21 [Note] InnoDB: Compressed tables use zlib 1.2.3
2018-04-22 04:46:12 21 [Note] InnoDB: Using Linux native AIO
2018-04-22 04:46:12 21 [Note] InnoDB: Using CPU crc32 instructions
2018-04-22 04:46:12 21 [Note] InnoDB: Initializing buffer pool, size = 32.0M
2018-04-22 04:46:12 21 [Note] InnoDB: Completed initialization of buffer pool
2018-04-22 04:46:12 21 [Note] InnoDB: Highest supported file format is Barracuda.
2018-04-22 04:46:12 21 [Note] InnoDB: 128 rollback segment(s) are active.
2018-04-22 04:46:12 21 [Note] InnoDB: Waiting for purge to start
2018-04-22 04:46:12 21 [Note] InnoDB: 5.6.37 started; log sequence number 8836552
2018-04-22 04:46:12 21 [Note] Server hostname (bind-address): '*'; port: 3306
2018-04-22 04:46:12 21 [Note] IPv6 is available.
2018-04-22 04:46:12 21 [Note]   - '::' resolves to '::';
2018-04-22 04:46:12 21 [Note] Server socket created on IP: '::'.
2018-04-22 04:46:12 21 [Warning] 'user' entry 'root@e24d0b5cccc1' ignored in --skip-name-resolve mode.
2018-04-22 04:46:12 21 [Warning] 'user' entry '@e24d0b5cccc1' ignored in --skip-name-resolve mode.
2018-04-22 04:46:12 21 [Warning] 'proxies_priv' entry '@ root@e24d0b5cccc1' ignored in --skip-name-resolve mode.
2018-04-22 04:46:12 21 [Note] Event Scheduler: Loaded 0 events
2018-04-22 04:46:12 21 [Note] /usr/sbin/mysqld: ready for connections.
Version: '5.6.37'  socket: '/var/run/mysqld/mysqld.sock'  port: 3306  MySQL Community Server (GPL)
